<?xml version="1.0" encoding="UTF-8"?>
<testng-results skipped="0" failed="0" ignored="0" total="2" passed="2">
  <reporter-output>
  </reporter-output>
  <suite name="Arithmetics Operations" duration-ms="41" started-at="2018-07-22T19:04:31Z" finished-at="2018-07-22T19:04:31Z">
    <groups>
    </groups>
    <test name="logical test" duration-ms="41" started-at="2018-07-22T19:04:31Z" finished-at="2018-07-22T19:04:31Z">
      <class name="FundTransfer.TestNGsp">
        <test-method status="PASS" signature="div()[pri:0, instance:FundTransfer.TestNGsp@44a3ec6b]" name="div" duration-ms="21" started-at="2018-07-22T19:04:31Z" finished-at="2018-07-22T19:04:31Z">
          <reporter-output>
          </reporter-output>
        </test-method> <!-- div -->
        <test-method status="PASS" signature="multi()[pri:0, instance:FundTransfer.TestNGsp@44a3ec6b]" name="multi" duration-ms="1" started-at="2018-07-22T19:04:31Z" finished-at="2018-07-22T19:04:31Z">
          <reporter-output>
          </reporter-output>
        </test-method> <!-- multi -->
      </class> <!-- FundTransfer.TestNGsp -->
    </test> <!-- logical test -->
  </suite> <!-- Arithmetics Operations -->
</testng-results>
